kotlin version: 1.8.20
error message: java.lang.IllegalStateException: e: Could not find "/home/abhishek/AndroidStudioProjects/KotlinMultiPlatformProject/shared/build/kotlinTransformedMetadataLibraries/commonMain/org.jetbrains.kotlinx-atomicfu-0.17.3-nativeInterop-8G5yng.klib" in [/home/abhishek/.local/share/kotlin/daemon]
	at org.jetbrains.kotlin.library.SingleFileResolveKt$resolveSingleFileKlib$1.fatal(SingleFileResolve.kt:21)
	at org.jetbrains.kotlin.library.KotlinLibrarySearchPathResolver.resolve(SearchPathResolver.kt:171)
	at org.jetbrains.kotlin.library.KotlinLibrarySearchPathResolver.resolve(SearchPathResolver.kt:176)
	at org.jetbrains.kotlin.library.CompilerSingleFileKlibResolveStrategy.resolve(SearchPathResolver.kt:298)
	at org.jetbrains.kotlin.library.SingleFileResolveKt.resolveSingleFileKlib(SingleFileResolve.kt:24)
	at org.jetbrains.kotlin.library.SingleFileResolveKt.resolveSingleFileKlib$default(SingleFileResolve.kt:15)
	at org.jetbrains.kotlin.cli.metadata.KlibMetadataDependencyContainer.<init>(K2MetadataKlibSerializer.kt:117)
	at org.jetbrains.kotlin.cli.metadata.K2MetadataKlibSerializer$serialize$analyzer$1.invoke(K2MetadataKlibSerializer.kt:49)
	at org.jetbrains.kotlin.cli.metadata.K2MetadataKlibSerializer$serialize$analyzer$1.invoke(K2MetadataKlibSerializer.kt:43)
	at org.jetbrains.kotlin.cli.metadata.CommonAnalysisKt.runCommonAnalysisForSerialization(CommonAnalysis.kt:42)
	at org.jetbrains.kotlin.cli.metadata.K2MetadataKlibSerializer.serialize(K2MetadataKlibSerializer.kt:48)
	at org.jetbrains.kotlin.cli.metadata.K2MetadataCompiler.doExecute(K2MetadataCompiler.kt:122)
	at org.jetbrains.kotlin.cli.metadata.K2MetadataCompiler.doExecute(K2MetadataCompiler.kt:40)
	at org.jetbrains.kotlin.cli.common.CLICompiler.execImpl(CLICompiler.kt:100)
	at org.jetbrains.kotlin.cli.common.CLICompiler.execImpl(CLICompiler.kt:46)
	at org.jetbrains.kotlin.cli.common.CLITool.exec(CLITool.kt:101)
	at org.jetbrains.kotlin.daemon.CompileServiceImpl.compile(CompileServiceImpl.kt:1486)
	at jdk.internal.reflect.GeneratedMethodAccessor103.invoke(Unknown Source)
	at java.base/jdk.internal.reflect.DelegatingMethodAccessorImpl.invoke(DelegatingMethodAccessorImpl.java:43)
	at java.base/java.lang.reflect.Method.invoke(Method.java:566)
	at java.rmi/sun.rmi.server.UnicastServerRef.dispatch(UnicastServerRef.java:359)
	at java.rmi/sun.rmi.transport.Transport$1.run(Transport.java:200)
	at java.rmi/sun.rmi.transport.Transport$1.run(Transport.java:197)
	at java.base/java.security.AccessController.doPrivileged(Native Method)
	at java.rmi/sun.rmi.transport.Transport.serviceCall(Transport.java:196)
	at java.rmi/sun.rmi.transport.tcp.TCPTransport.handleMessages(TCPTransport.java:562)
	at java.rmi/sun.rmi.transport.tcp.TCPTransport$ConnectionHandler.run0(TCPTransport.java:796)
	at java.rmi/sun.rmi.transport.tcp.TCPTransport$ConnectionHandler.lambda$run$0(TCPTransport.java:677)
	at java.base/java.security.AccessController.doPrivileged(Native Method)
	at java.rmi/sun.rmi.transport.tcp.TCPTransport$ConnectionHandler.run(TCPTransport.java:676)
	at java.base/java.util.concurrent.ThreadPoolExecutor.runWorker(ThreadPoolExecutor.java:1128)
	at java.base/java.util.concurrent.ThreadPoolExecutor$Worker.run(ThreadPoolExecutor.java:628)
	at java.base/java.lang.Thread.run(Thread.java:829)


